{
  "RSpec": {
    "coverage": {
      "/home/epic-tag-0095/tic-tac-toe-rb-online-web-sp-000/lib/tic_tac_toe.rb": [
        null,
        1,
        null,
        null,
        null,
        null,
        null,
        null,
        null,
        null,
        null,
        1,
        1,
        6,
        6,
        6,
        6,
        6,
        null,
        1,
        null,
        1,
        6,
        null,
        null,
        1,
        5,
        null,
        null,
        1,
        8,
        5,
        null,
        3,
        null,
        null,
        null,
        1,
        6,
        3,
        null,
        null,
        null,
        1,
        4,
        4,
        36,
        5,
        5,
        null,
        null,
        4,
        null,
        null,
        1,
        3,
        3,
        null,
        0,
        0,
        null,
        null,
        null,
        1,
        3,
        3,
        3,
        3,
        2,
        null,
        1,
        null,
        3,
        null,
        null,
        1,
        12,
        85,
        6,
        79,
        0,
        null,
        null,
        6,
        null,
        null,
        1,
        14,
        91,
        null,
        null,
        null,
        1,
        8,
        3,
        5,
        1,
        null,
        4,
        null,
        null,
        null,
        1,
        3,
        2,
        null,
        null
      ]
    },
    "timestamp": 1603938602
  }
}
